DELITECH/Application/build/intermediates/manifest_merge_blame_file/debug/manifest-merger-blame-debug-report.txt
1<?xml version="1.0" encoding="utf-8"?>
2<manifest xmlns:android="http://schemas.android.com/apk/res/android"
3    package="deliled.Applications.android.Maestro"
4    android:versionCode="16"
5    android:versionName="6.0" >
6
7    <uses-sdk
8        android:minSdkVersion="23"
8-->src\main\AndroidManifest.xml
9        android:targetSdkVersion="30" />
9-->src\main\AndroidManifest.xml
10
11    <uses-permission android:name="android.permission.BLUETOOTH" />
11-->src\main\AndroidManifest.xml:9:5-68
11-->src\main\AndroidManifest.xml:9:22-65
12    <uses-permission android:name="android.permission.BLUETOOTH_ADMIN" />
12-->src\main\AndroidManifest.xml:10:5-74
12-->src\main\AndroidManifest.xml:10:22-71
13    <uses-permission android:name="android.permission.ACCESS_WIFI_STATE" />
13-->src\main\AndroidManifest.xml:11:5-76
13-->src\main\AndroidManifest.xml:11:22-73
14    <uses-permission android:name="android.permission.ACCESS_COARSE_LOCATION" />
14-->src\main\AndroidManifest.xml:12:5-81
14-->src\main\AndroidManifest.xml:12:22-78
15    <uses-permission android:name="android.permission.ACCESS_FINE_LOCATION" />
15-->src\main\AndroidManifest.xml:13:5-79
15-->src\main\AndroidManifest.xml:13:22-76
16    <uses-permission android:name="android.permission.CHANGE_WIFI_STATE" />
16-->src\main\AndroidManifest.xml:14:5-76
16-->src\main\AndroidManifest.xml:14:22-73
17    <uses-permission android:name="android.permission.VIBRATE" />
17-->src\main\AndroidManifest.xml:15:5-66
17-->src\main\AndroidManifest.xml:15:22-63
18    <uses-permission android:name="android.permission.CAMERA" />
18-->src\main\AndroidManifest.xml:16:5-65
18-->src\main\AndroidManifest.xml:16:22-62
19    <uses-permission android:name="android.permission.INTERNET" />
19-->src\main\AndroidManifest.xml:17:5-67
19-->src\main\AndroidManifest.xml:17:22-64
20    <uses-permission android:name="android.permission.ACCESS_NETWORK_STATE" />
20-->src\main\AndroidManifest.xml:18:5-79
20-->src\main\AndroidManifest.xml:18:22-76
21    <uses-permission android:name="android.permission.SYSTEM_ALERT_WINDOW" />
21-->src\main\AndroidManifest.xml:19:5-78
21-->src\main\AndroidManifest.xml:19:22-75
22
23    <application
23-->src\main\AndroidManifest.xml:21:5-78:19
24        android:allowBackup="true"
24-->src\main\AndroidManifest.xml:22:9-35
25        android:appComponentFactory="androidx.core.app.CoreComponentFactory"
25-->[androidx.core:core:1.3.1] AndroidManifest.xml:24:18-86
26        android:debuggable="true"
27        android:extractNativeLibs="false"
28        android:fullBackupContent="true"
28-->src\main\AndroidManifest.xml:23:9-41
29        android:icon="@drawable/ic_launcher"
29-->src\main\AndroidManifest.xml:24:9-45
30        android:label="@string/app_name"
30-->src\main\AndroidManifest.xml:25:9-41
31        android:supportsRtl="true"
31-->[com.github.rtugeek:colorseekbar:1.7.3] AndroidManifest.xml:14:9-35
32        android:testOnly="true"
33        android:theme="@android:style/Theme.Holo.Light" >
33-->src\main\AndroidManifest.xml:26:9-56
34        <activity
34-->src\main\AndroidManifest.xml:27:9-30:56
35            android:name="deliled.Applications.android.Maestro.MainActivity"
35-->src\main\AndroidManifest.xml:28:13-41
36            android:screenOrientation="portrait"
36-->src\main\AndroidManifest.xml:29:13-49
37            android:theme="@style/MyTheme_appcompat" />
37-->src\main\AndroidManifest.xml:30:13-53
38        <activity
38-->src\main\AndroidManifest.xml:31:9-41:20
39            android:name="deliled.Applications.android.Maestro.welcome"
39-->src\main\AndroidManifest.xml:32:13-72
40            android:label="@string/app_name"
40-->src\main\AndroidManifest.xml:33:13-45
41            android:screenOrientation="portrait"
41-->src\main\AndroidManifest.xml:34:13-49
42            android:theme="@style/AppFullScreenTheme" >
42-->src\main\AndroidManifest.xml:35:13-54
43            <intent-filter>
43-->src\main\AndroidManifest.xml:36:13-40:29
44                <action android:name="android.intent.action.MAIN" />
44-->src\main\AndroidManifest.xml:37:17-69
44-->src\main\AndroidManifest.xml:37:25-66
45
46                <category android:name="android.intent.category.LAUNCHER" />
46-->src\main\AndroidManifest.xml:39:17-77
46-->src\main\AndroidManifest.xml:39:27-74
47            </intent-filter>
48        </activity>
49        <activity
49-->src\main\AndroidManifest.xml:42:9-45:46
50            android:name="deliled.Applications.android.Maestro.cycle_circa"
50-->src\main\AndroidManifest.xml:43:13-76
51            android:screenOrientation="portrait"
51-->src\main\AndroidManifest.xml:44:13-49
52            android:theme="@style/MyTheme" />
52-->src\main\AndroidManifest.xml:45:13-43
53        <activity
53-->src\main\AndroidManifest.xml:46:9-49:46
54            android:name="deliled.Applications.android.Maestro.veille_detections"
54-->src\main\AndroidManifest.xml:47:13-82
55            android:screenOrientation="portrait"
55-->src\main\AndroidManifest.xml:48:13-49
56            android:theme="@style/MyTheme" />
56-->src\main\AndroidManifest.xml:49:13-43
57        <activity
57-->src\main\AndroidManifest.xml:50:9-53:46
58            android:name="deliled.Applications.android.Maestro.ajustement_luminosite"
58-->src\main\AndroidManifest.xml:51:13-86
59            android:screenOrientation="portrait"
59-->src\main\AndroidManifest.xml:52:13-49
60            android:theme="@style/MyTheme" />
60-->src\main\AndroidManifest.xml:53:13-43
61        <activity
61-->src\main\AndroidManifest.xml:54:9-56:52
62            android:name="deliled.Applications.android.Maestro.DeviceScanActivity"
62-->src\main\AndroidManifest.xml:55:13-83
63            android:screenOrientation="portrait" />
63-->src\main\AndroidManifest.xml:56:13-49
64        <activity
64-->src\main\AndroidManifest.xml:57:9-60:46
65            android:name="deliled.Applications.android.Maestro.serveur_access"
65-->src\main\AndroidManifest.xml:58:13-79
66            android:screenOrientation="portrait"
66-->src\main\AndroidManifest.xml:59:13-49
67            android:theme="@style/MyTheme" />
67-->src\main\AndroidManifest.xml:60:13-43
68        <activity
68-->src\main\AndroidManifest.xml:61:9-64:46
69            android:name="deliled.Applications.android.Maestro.QR_CODE"
69-->src\main\AndroidManifest.xml:62:13-72
70            android:screenOrientation="portrait"
70-->src\main\AndroidManifest.xml:63:13-49
71            android:theme="@style/MyTheme" />
71-->src\main\AndroidManifest.xml:64:13-43
72        <activity
72-->src\main\AndroidManifest.xml:65:9-69:46
73            android:name="deliled.Applications.android.Maestro.co2"
73-->src\main\AndroidManifest.xml:66:13-68
74            android:configChanges="orientation"
74-->src\main\AndroidManifest.xml:67:13-48
75            android:screenOrientation="portrait"
75-->src\main\AndroidManifest.xml:68:13-49
76            android:theme="@style/MyTheme" />
76-->src\main\AndroidManifest.xml:69:13-43
77
78        <service
78-->src\main\AndroidManifest.xml:71:9-73:38
79            android:name="deliled.Applications.android.Maestro.BluetoothLeService"
79-->src\main\AndroidManifest.xml:72:13-83
80            android:enabled="true" />
80-->src\main\AndroidManifest.xml:73:13-35
81        <service
81-->src\main\AndroidManifest.xml:74:9-77:40
82            android:name="deliled.Applications.android.Maestro.FloatingWidgetService"
82-->src\main\AndroidManifest.xml:75:13-86
83            android:enabled="true"
83-->src\main\AndroidManifest.xml:76:13-35
84            android:exported="false" />
84-->src\main\AndroidManifest.xml:77:13-37
85
86        <activity
86-->[com.google.android.gms:play-services-base:17.0.0] AndroidManifest.xml:23:9-26:75
87            android:name="com.google.android.gms.common.api.GoogleApiActivity"
87-->[com.google.android.gms:play-services-base:17.0.0] AndroidManifest.xml:24:13-79
88            android:exported="false"
88-->[com.google.android.gms:play-services-base:17.0.0] AndroidManifest.xml:25:13-37
89            android:theme="@android:style/Theme.Translucent.NoTitleBar" />
89-->[com.google.android.gms:play-services-base:17.0.0] AndroidManifest.xml:26:13-72
90
91        <meta-data
91-->[com.google.android.gms:play-services-basement:17.0.0] AndroidManifest.xml:23:9-25:69
92            android:name="com.google.android.gms.version"
92-->[com.google.android.gms:play-services-basement:17.0.0] AndroidManifest.xml:24:13-58
93            android:value="@integer/google_play_services_version" />
93-->[com.google.android.gms:play-services-basement:17.0.0] AndroidManifest.xml:25:13-66
94    </application>
95
96</manifest>